Using pre-set license

 COMMAND LINE ARGUMENTS:
/Applications/Unity/Hub/Editor/2020.2.4f1/Unity.app/Contents/MacOS/Unity
-adb2
-batchMode
-noUpm
-name
AssetImportWorker0
-projectPath
/Users/huyinxian/Unity/Code/UnityURPOptimizingBlit
-logFile
Logs/AssetImportWorker0.log
-srvPort
65358
Successfully changed project path to: /Users/huyinxian/Unity/Code/UnityURPOptimizingBlit
/Users/huyinxian/Unity/Code/UnityURPOptimizingBlit
Using Asset Import Pipeline V2.
Refreshing native plugins compatible for Editor in 47.41 ms, found 1 plugins.
Preloading 0 native plugins for Editor in 0.00 ms.
Initialize engine version: 2020.2.4f1 (becced5a802b)
[Subsystems] Discovering subsystems at path /Applications/Unity/Hub/Editor/2020.2.4f1/Unity.app/Contents/Resources/UnitySubsystems
[Subsystems] Discovering subsystems at path /Users/huyinxian/Unity/Code/UnityURPOptimizingBlit/Assets
GfxDevice: creating device client; threaded=0
2021-03-09 14:09:53.149 Unity[3674:121842] Color LCD preferred device: Intel(R) UHD Graphics 630 (low power)
2021-03-09 14:09:53.149 Unity[3674:121842] Metal devices available: 2
2021-03-09 14:09:53.149 Unity[3674:121842] 0: AMD Radeon Pro 5300M (high power)
2021-03-09 14:09:53.149 Unity[3674:121842] 1: Intel(R) UHD Graphics 630 (low power)
2021-03-09 14:09:53.150 Unity[3674:121842] Using device AMD Radeon Pro 5300M (high power)
Initializing Metal device caps: AMD Radeon Pro 5300M
Shader 'Universal Render Pipeline/Particles/Lit': fallback shader 'Universal Render Pipeline/Particles/SimpleLit' not found
Initialize mono
Mono path[0] = '/Applications/Unity/Hub/Editor/2020.2.4f1/Unity.app/Contents/Managed'
Mono path[1] = '/Applications/Unity/Hub/Editor/2020.2.4f1/Unity.app/Contents/MonoBleedingEdge/lib/mono/unityjit'
Mono config path = '/Applications/Unity/Hub/Editor/2020.2.4f1/Unity.app/Contents/MonoBleedingEdge/etc'
Using monoOptions --debugger-agent=transport=dt_socket,embedding=1,server=y,suspend=n,address=127.0.0.1:56674
Begin MonoManager ReloadAssembly
Registering precompiled unity dll's ...
Register platform support module: /Applications/Unity/Hub/Editor/2020.2.4f1/Unity.app/Contents/PlaybackEngines/MacStandaloneSupport/UnityEditor.OSXStandalone.Extensions.dll
Registered in 0.002366 seconds.
Native extension for OSXStandalone target not found
Refreshing native plugins compatible for Editor in 36.11 ms, found 1 plugins.
Preloading 0 native plugins for Editor in 0.00 ms.
Invoked RoslynAnalysisRunner static constructor.
RoslynAnalysisRunner will not be running.
RoslynAnalysisRunner has terminated.
Mono: successfully reloaded assembly
- Completed reload, in  1.229 seconds
Platform modules already initialized, skipping
Registering precompiled user dll's ...
Registered in 0.002552 seconds.
Begin MonoManager ReloadAssembly
Native extension for OSXStandalone target not found
Refreshing native plugins compatible for Editor in 47.47 ms, found 1 plugins.
Preloading 0 native plugins for Editor in 0.00 ms.
Invoked RoslynAnalysisRunner static constructor.
RoslynAnalysisRunner will not be running.
RoslynAnalysisRunner has terminated.
Mono: successfully reloaded assembly
- Completed reload, in  1.081 seconds
Platform modules already initialized, skipping
========================================================================
Worker process is ready to serve import requests
Shader 'Universal Render Pipeline/Particles/Lit': fallback shader 'Universal Render Pipeline/Particles/SimpleLit' not found
Launching external process: /Applications/Unity/Hub/Editor/2020.2.4f1/Unity.app/Contents/Tools/UnityShaderCompiler
Launched and connected shader compiler UnityShaderCompiler after 0.01 seconds
Refreshing native plugins compatible for Editor in 0.36 ms, found 1 plugins.
Preloading 0 native plugins for Editor in 0.00 ms.
Unloading 2404 Unused Serialized files (Serialized files now loaded: 0)
System memory in use before: 176.7 MB.
System memory in use after: 176.8 MB.

Unloading 11 unused Assets to reduce memory usage. Loaded Objects now: 2844.
Total: 2.749879 ms (FindLiveObjects: 0.275719 ms CreateObjectMapping: 0.121399 ms MarkObjects: 2.262346 ms  DeleteObjects: 0.089163 ms)

========================================================================
Received Import Request.
  path: Assets/URP/UniversalRenderPipelineAsset.asset
  artifactKey: Guid(824722e9b83944f1a81c896503190280) Importer(815301076,1909f56bfc062723c751e8b465ee728b)
Start importing Assets/URP/UniversalRenderPipelineAsset.asset using Guid(824722e9b83944f1a81c896503190280) Importer(815301076,1909f56bfc062723c751e8b465ee728b)  -> (artifact id: '200675a602b21961c9315a0a5feaa5e4') in 1.304893 seconds
  Import took 1.310430 seconds .

